<?xml version="1.0" encoding="UTF-8"?>
<testng-results skipped="0" failed="0" total="2" passed="2">
  <reporter-output>
  </reporter-output>
  <suite name="kindleTesting" duration-ms="110998" started-at="2018-10-20T07:26:01Z" finished-at="2018-10-20T07:27:52Z">
    <groups>
    </groups>
    <test name="testngTest" duration-ms="110998" started-at="2018-10-20T07:26:01Z" finished-at="2018-10-20T07:27:52Z">
      <class name="amazon.assignment.test.KindleTestDuplicateForParallelExecution">
        <test-method status="PASS" signature="kindleTest()[pri:0, instance:amazon.assignment.test.KindleTestDuplicateForParallelExecution@6767c1fc]" name="kindleTest" duration-ms="33841" started-at="2018-10-20T12:57:11Z" finished-at="2018-10-20T12:57:45Z">
          <reporter-output>
          </reporter-output>
        </test-method> <!-- kindleTest -->
        <test-method status="PASS" signature="closeBrowser()[pri:0, instance:amazon.assignment.test.KindleTestDuplicateForParallelExecution@6767c1fc]" name="closeBrowser" is-config="true" duration-ms="4078" started-at="2018-10-20T12:57:45Z" finished-at="2018-10-20T12:57:49Z">
          <reporter-output>
          </reporter-output>
        </test-method> <!-- closeBrowser -->
      </class> <!-- amazon.assignment.test.KindleTestDuplicateForParallelExecution -->
      <class name="amazon.assignment.test.KindleTest">
        <test-method status="PASS" signature="initateDriver()[pri:0, instance:amazon.assignment.test.KindleTest@2a2d45ba]" name="initateDriver" is-config="true" duration-ms="21563" started-at="2018-10-20T12:56:01Z" finished-at="2018-10-20T12:56:23Z">
          <reporter-output>
          </reporter-output>
        </test-method> <!-- initateDriver -->
        <test-method status="PASS" signature="initateDriver()[pri:0, instance:amazon.assignment.test.KindleTestDuplicateForParallelExecution@6767c1fc]" name="initateDriver" is-config="true" duration-ms="48029" started-at="2018-10-20T12:56:23Z" finished-at="2018-10-20T12:57:11Z">
          <reporter-output>
          </reporter-output>
        </test-method> <!-- initateDriver -->
        <test-method status="PASS" signature="kindleTest()[pri:0, instance:amazon.assignment.test.KindleTest@2a2d45ba]" name="kindleTest" duration-ms="38095" started-at="2018-10-20T12:57:11Z" finished-at="2018-10-20T12:57:49Z">
          <reporter-output>
          </reporter-output>
        </test-method> <!-- kindleTest -->
        <test-method status="PASS" signature="closeBrowser()[pri:0, instance:amazon.assignment.test.KindleTest@2a2d45ba]" name="closeBrowser" is-config="true" duration-ms="3111" started-at="2018-10-20T12:57:49Z" finished-at="2018-10-20T12:57:52Z">
          <reporter-output>
          </reporter-output>
        </test-method> <!-- closeBrowser -->
      </class> <!-- amazon.assignment.test.KindleTest -->
    </test> <!-- testngTest -->
  </suite> <!-- kindleTesting -->
</testng-results>
